Importing necessary libraries and packages
0--dens_t800_b.1p.1
Creating XYZ Grids for radial bin and ylm creation ... 

Creating radial bins ... 

taking the fourier transform of data ... 

Binning Spherical Harmonics...
ell, m =  0 0
bin i =  0
bin i =  1
bin i =  2
bin i =  3
bin i =  4
bin i =  5
bin i =  6
bin i =  7
bin i =  8
bin i =  9
ell, m =  1 0
bin i =  0
bin i =  1
bin i =  2
bin i =  3
bin i =  4
bin i =  5
bin i =  6
bin i =  7
bin i =  8
bin i =  9
ell, m =  1 1
bin i =  0
bin i =  1
bin i =  2
bin i =  3
bin i =  4
bin i =  5
bin i =  6
bin i =  7
bin i =  8
bin i =  9
ell, m =  2 0
bin i =  0
bin i =  1
bin i =  2
bin i =  3
bin i =  4
bin i =  5
bin i =  6
bin i =  7
bin i =  8
bin i =  9
ell, m =  2 1
bin i =  0
bin i =  1
bin i =  2
bin i =  3
bin i =  4
bin i =  5
bin i =  6
bin i =  7
bin i =  8
bin i =  9
ell, m =  2 2
bin i =  0
bin i =  1
bin i =  2
bin i =  3
bin i =  4
bin i =  5
bin i =  6
bin i =  7
bin i =  8
bin i =  9

Calculating almb coefficients...

l, m, bin = 0 0 0
l, m, bin = 0 0 1
l, m, bin = 0 0 2
l, m, bin = 0 0 3
l, m, bin = 0 0 4
l, m, bin = 0 0 5
l, m, bin = 0 0 6
l, m, bin = 0 0 7
l, m, bin = 0 0 8
l, m, bin = 0 0 9
l, m, bin = 1 0 0
l, m, bin = 1 0 1
l, m, bin = 1 0 2
l, m, bin = 1 0 3
l, m, bin = 1 0 4
l, m, bin = 1 0 5
l, m, bin = 1 0 6
l, m, bin = 1 0 7
l, m, bin = 1 0 8
l, m, bin = 1 0 9
l, m, bin = 1 1 0
l, m, bin = 1 1 1
l, m, bin = 1 1 2
l, m, bin = 1 1 3
l, m, bin = 1 1 4
l, m, bin = 1 1 5
l, m, bin = 1 1 6
l, m, bin = 1 1 7
l, m, bin = 1 1 8
l, m, bin = 1 1 9
l, m, bin = 2 0 0
l, m, bin = 2 0 1
l, m, bin = 2 0 2
l, m, bin = 2 0 3
l, m, bin = 2 0 4
l, m, bin = 2 0 5
l, m, bin = 2 0 6
l, m, bin = 2 0 7
l, m, bin = 2 0 8
l, m, bin = 2 0 9
l, m, bin = 2 1 0
l, m, bin = 2 1 1
l, m, bin = 2 1 2
l, m, bin = 2 1 3
l, m, bin = 2 1 4
l, m, bin = 2 1 5
l, m, bin = 2 1 6
l, m, bin = 2 1 7
l, m, bin = 2 1 8
l, m, bin = 2 1 9
l, m, bin = 2 2 0
l, m, bin = 2 2 1
l, m, bin = 2 2 2
l, m, bin = 2 2 3
l, m, bin = 2 2 4
l, m, bin = 2 2 5
l, m, bin = 2 2 6
l, m, bin = 2 2 7
l, m, bin = 2 2 8
l, m, bin = 2 2 9
Executing 4PCF Calculation ...
Finished Calculating 4PCF in 11867.7648 seconds
Saving normalized zetas
Finished!
